{"uuid":"50047f43-893d-43ee-943d-af1573cb63c6","historyId":"dcc19ea935a21b51b696e162216515c8","fullName":"Verify Tumblr works properly: chack the inbox","labels":[{"name":"tag","value":"Release"},{"name":"host","value":"Razib-R"},{"name":"thread","value":"35596@Razib-R.TestNG-PoolService-0(31)"},{"name":"feature","value":"Verify Tumblr works properly"},{"name":"story","value":"chack the inbox"},{"name":"suite","value":"Verify Tumblr works properly"},{"name":"testClass","value":"chack the inbox"},{"name":"framework","value":"cucumber4jvm"},{"name":"language","value":"java"},{"name":"gherkin_uri","value":"file:///D:/spaceflow/Web-Test/webTest-master/webTest-master/src/test/java/Feature/test.feature"},{"name":"package","value":"src.test.java.Feature.test_feature.Verify Tumblr works properly"}],"links":[],"name":"chack the inbox","status":"broken","statusDetails":{"known":false,"muted":false,"flaky":false,"message":"no such element: Unable to locate element: {\"method\":\"xpath\",\"selector\":\"//span[normalize-space()='Messages']\"}\n  (Session info: chrome=118.0.5993.71)\nFor documentation on this error, please visit: https://selenium.dev/exceptions/#no_such_element\nBuild info: version: '4.1.3', revision: '7b1ebf28ef'\nSystem info: host: 'RAZIB-R', ip: '192.168.1.135', os.name: 'Windows 11', os.arch: 'amd64', os.version: '10.0', java.version: '21'\nDriver info: org.openqa.selenium.chrome.ChromeDriver\nCommand: [00c344e6a6ba57c5d7d68b6213b06648, findElement {using=xpath, value=//span[normalize-space()='Messages']}]\nCapabilities {acceptInsecureCerts: false, browserName: chrome, browserVersion: 118.0.5993.71, chrome: {chromedriverVersion: 118.0.5993.70 (e52f33f30b91..., userDataDir: C:\\Users\\razib\\AppData\\Loca...}, fedcm:accounts: true, goog:chromeOptions: {debuggerAddress: localhost:52498}, javascriptEnabled: true, networkConnectionEnabled: false, pageLoadStrategy: normal, platform: WINDOWS, platformName: WINDOWS, proxy: Proxy(), se:cdp: ws://localhost:52498/devtoo..., se:cdpVersion: 118.0.5993.71, setWindowRect: true, strictFileInteractability: false, timeouts: {implicit: 0, pageLoad: 300000, script: 30000}, unhandledPromptBehavior: dismiss and notify, webauthn:extension:credBlob: true, webauthn:extension:largeBlob: true, webauthn:extension:minPinLength: true, webauthn:extension:prf: true, webauthn:virtualAuthenticators: true}\nSession ID: 00c344e6a6ba57c5d7d68b6213b06648","trace":"org.openqa.selenium.NoSuchElementException: no such element: Unable to locate element: {\"method\":\"xpath\",\"selector\":\"//span[normalize-space()='Messages']\"}\n  (Session info: chrome=118.0.5993.71)\nFor documentation on this error, please visit: https://selenium.dev/exceptions/#no_such_element\nBuild info: version: '4.1.3', revision: '7b1ebf28ef'\nSystem info: host: 'RAZIB-R', ip: '192.168.1.135', os.name: 'Windows 11', os.arch: 'amd64', os.version: '10.0', java.version: '21'\nDriver info: org.openqa.selenium.chrome.ChromeDriver\nCommand: [00c344e6a6ba57c5d7d68b6213b06648, findElement {using=xpath, value=//span[normalize-space()='Messages']}]\nCapabilities {acceptInsecureCerts: false, browserName: chrome, browserVersion: 118.0.5993.71, chrome: {chromedriverVersion: 118.0.5993.70 (e52f33f30b91..., userDataDir: C:\\Users\\razib\\AppData\\Loca...}, fedcm:accounts: true, goog:chromeOptions: {debuggerAddress: localhost:52498}, javascriptEnabled: true, networkConnectionEnabled: false, pageLoadStrategy: normal, platform: WINDOWS, platformName: WINDOWS, proxy: Proxy(), se:cdp: ws://localhost:52498/devtoo..., se:cdpVersion: 118.0.5993.71, setWindowRect: true, strictFileInteractability: false, timeouts: {implicit: 0, pageLoad: 300000, script: 30000}, unhandledPromptBehavior: dismiss and notify, webauthn:extension:credBlob: true, webauthn:extension:largeBlob: true, webauthn:extension:minPinLength: true, webauthn:extension:prf: true, webauthn:virtualAuthenticators: true}\nSession ID: 00c344e6a6ba57c5d7d68b6213b06648\r\n\tat java.base/jdk.internal.reflect.DirectConstructorHandleAccessor.newInstance(DirectConstructorHandleAccessor.java:62)\r\n\tat java.base/java.lang.reflect.Constructor.newInstanceWithCaller(Constructor.java:502)\r\n\tat java.base/java.lang.reflect.Constructor.newInstance(Constructor.java:486)\r\n\tat org.openqa.selenium.remote.codec.w3c.W3CHttpResponseCodec.createException(W3CHttpResponseCodec.java:200)\r\n\tat org.openqa.selenium.remote.codec.w3c.W3CHttpResponseCodec.decode(W3CHttpResponseCodec.java:133)\r\n\tat org.openqa.selenium.remote.codec.w3c.W3CHttpResponseCodec.decode(W3CHttpResponseCodec.java:53)\r\n\tat org.openqa.selenium.remote.HttpCommandExecutor.execute(HttpCommandExecutor.java:184)\r\n\tat org.openqa.selenium.remote.service.DriverCommandExecutor.invokeExecute(DriverCommandExecutor.java:167)\r\n\tat org.openqa.selenium.remote.service.DriverCommandExecutor.execute(DriverCommandExecutor.java:142)\r\n\tat org.openqa.selenium.remote.RemoteWebDriver.execute(RemoteWebDriver.java:567)\r\n\tat org.openqa.selenium.remote.ElementLocation$ElementFinder$2.findElement(ElementLocation.java:162)\r\n\tat org.openqa.selenium.remote.ElementLocation.findElement(ElementLocation.java:60)\r\n\tat org.openqa.selenium.remote.RemoteWebDriver.findElement(RemoteWebDriver.java:385)\r\n\tat org.openqa.selenium.remote.RemoteWebDriver.findElement(RemoteWebDriver.java:377)\r\n\tat HomePage.Homepage.getMasage(Homepage.java:75)\r\n\tat StepDef.Logocheck.checkTheMasageButtonInSite(Logocheck.java:168)\r\n\tat ✽.Check the masage button in site(file:///D:/spaceflow/Web-Test/webTest-master/webTest-master/src/test/java/Feature/test.feature:54)\r\n"},"stage":"finished","steps":[{"name":"Given  Check the masage button in site","status":"broken","statusDetails":{"known":false,"muted":false,"flaky":false,"message":"no such element: Unable to locate element: {\"method\":\"xpath\",\"selector\":\"//span[normalize-space()='Messages']\"}\n  (Session info: chrome=118.0.5993.71)\nFor documentation on this error, please visit: https://selenium.dev/exceptions/#no_such_element\nBuild info: version: '4.1.3', revision: '7b1ebf28ef'\nSystem info: host: 'RAZIB-R', ip: '192.168.1.135', os.name: 'Windows 11', os.arch: 'amd64', os.version: '10.0', java.version: '21'\nDriver info: org.openqa.selenium.chrome.ChromeDriver\nCommand: [00c344e6a6ba57c5d7d68b6213b06648, findElement {using=xpath, value=//span[normalize-space()='Messages']}]\nCapabilities {acceptInsecureCerts: false, browserName: chrome, browserVersion: 118.0.5993.71, chrome: {chromedriverVersion: 118.0.5993.70 (e52f33f30b91..., userDataDir: C:\\Users\\razib\\AppData\\Loca...}, fedcm:accounts: true, goog:chromeOptions: {debuggerAddress: localhost:52498}, javascriptEnabled: true, networkConnectionEnabled: false, pageLoadStrategy: normal, platform: WINDOWS, platformName: WINDOWS, proxy: Proxy(), se:cdp: ws://localhost:52498/devtoo..., se:cdpVersion: 118.0.5993.71, setWindowRect: true, strictFileInteractability: false, timeouts: {implicit: 0, pageLoad: 300000, script: 30000}, unhandledPromptBehavior: dismiss and notify, webauthn:extension:credBlob: true, webauthn:extension:largeBlob: true, webauthn:extension:minPinLength: true, webauthn:extension:prf: true, webauthn:virtualAuthenticators: true}\nSession ID: 00c344e6a6ba57c5d7d68b6213b06648","trace":"org.openqa.selenium.NoSuchElementException: no such element: Unable to locate element: {\"method\":\"xpath\",\"selector\":\"//span[normalize-space()='Messages']\"}\n  (Session info: chrome=118.0.5993.71)\nFor documentation on this error, please visit: https://selenium.dev/exceptions/#no_such_element\nBuild info: version: '4.1.3', revision: '7b1ebf28ef'\nSystem info: host: 'RAZIB-R', ip: '192.168.1.135', os.name: 'Windows 11', os.arch: 'amd64', os.version: '10.0', java.version: '21'\nDriver info: org.openqa.selenium.chrome.ChromeDriver\nCommand: [00c344e6a6ba57c5d7d68b6213b06648, findElement {using=xpath, value=//span[normalize-space()='Messages']}]\nCapabilities {acceptInsecureCerts: false, browserName: chrome, browserVersion: 118.0.5993.71, chrome: {chromedriverVersion: 118.0.5993.70 (e52f33f30b91..., userDataDir: C:\\Users\\razib\\AppData\\Loca...}, fedcm:accounts: true, goog:chromeOptions: {debuggerAddress: localhost:52498}, javascriptEnabled: true, networkConnectionEnabled: false, pageLoadStrategy: normal, platform: WINDOWS, platformName: WINDOWS, proxy: Proxy(), se:cdp: ws://localhost:52498/devtoo..., se:cdpVersion: 118.0.5993.71, setWindowRect: true, strictFileInteractability: false, timeouts: {implicit: 0, pageLoad: 300000, script: 30000}, unhandledPromptBehavior: dismiss and notify, webauthn:extension:credBlob: true, webauthn:extension:largeBlob: true, webauthn:extension:minPinLength: true, webauthn:extension:prf: true, webauthn:virtualAuthenticators: true}\nSession ID: 00c344e6a6ba57c5d7d68b6213b06648\r\n\tat java.base/jdk.internal.reflect.DirectConstructorHandleAccessor.newInstance(DirectConstructorHandleAccessor.java:62)\r\n\tat java.base/java.lang.reflect.Constructor.newInstanceWithCaller(Constructor.java:502)\r\n\tat java.base/java.lang.reflect.Constructor.newInstance(Constructor.java:486)\r\n\tat org.openqa.selenium.remote.codec.w3c.W3CHttpResponseCodec.createException(W3CHttpResponseCodec.java:200)\r\n\tat org.openqa.selenium.remote.codec.w3c.W3CHttpResponseCodec.decode(W3CHttpResponseCodec.java:133)\r\n\tat org.openqa.selenium.remote.codec.w3c.W3CHttpResponseCodec.decode(W3CHttpResponseCodec.java:53)\r\n\tat org.openqa.selenium.remote.HttpCommandExecutor.execute(HttpCommandExecutor.java:184)\r\n\tat org.openqa.selenium.remote.service.DriverCommandExecutor.invokeExecute(DriverCommandExecutor.java:167)\r\n\tat org.openqa.selenium.remote.service.DriverCommandExecutor.execute(DriverCommandExecutor.java:142)\r\n\tat org.openqa.selenium.remote.RemoteWebDriver.execute(RemoteWebDriver.java:567)\r\n\tat org.openqa.selenium.remote.ElementLocation$ElementFinder$2.findElement(ElementLocation.java:162)\r\n\tat org.openqa.selenium.remote.ElementLocation.findElement(ElementLocation.java:60)\r\n\tat org.openqa.selenium.remote.RemoteWebDriver.findElement(RemoteWebDriver.java:385)\r\n\tat org.openqa.selenium.remote.RemoteWebDriver.findElement(RemoteWebDriver.java:377)\r\n\tat HomePage.Homepage.getMasage(Homepage.java:75)\r\n\tat StepDef.Logocheck.checkTheMasageButtonInSite(Logocheck.java:168)\r\n\tat ✽.Check the masage button in site(file:///D:/spaceflow/Web-Test/webTest-master/webTest-master/src/test/java/Feature/test.feature:54)\r\n"},"stage":"finished","steps":[],"attachments":[],"parameters":[],"start":1697547536963,"stop":1697547551698},{"name":"When  Click on Massage button","status":"skipped","statusDetails":{"known":false,"muted":false,"flaky":false},"stage":"finished","steps":[],"attachments":[],"parameters":[],"start":1697547551698,"stop":1697547551698},{"name":"Then  Show the inbox are avaolable","status":"skipped","statusDetails":{"known":false,"muted":false,"flaky":false},"stage":"finished","steps":[],"attachments":[],"parameters":[],"start":1697547551698,"stop":1697547551698},{"name":"When  Click on again Massage page is  not available in Display","status":"skipped","statusDetails":{"known":false,"muted":false,"flaky":false},"stage":"finished","steps":[],"attachments":[],"parameters":[],"start":1697547551698,"stop":1697547551698}],"attachments":[],"parameters":[],"start":1697547536961,"stop":1697547551698}